2025-03-23 19:34:42 - Razvan, activated their card.
2025-03-23 19:34:42 - Razvan, introduced the wrong PIN.
2025-03-23 19:34:42 - Razvan, introduced the wrong PIN.
2025-03-23 19:34:42 - Razvan, introduced the wrong PIN.
2025-03-23 19:34:42 - Razvan, introduced the wrong PIN 3 times.
2025-03-23 19:37:58 - Razvan, activated their card.
2025-03-23 19:37:58 - Razvan, introduced the wrong PIN.
2025-03-23 19:37:58 - Razvan, introduced the wrong PIN.
2025-03-23 19:37:58 - Razvan, introduced the wrong PIN.
2025-03-23 19:37:58 - Razvan, introduced the wrong PIN 3 times.
2025-03-23 19:40:18 - Razvan, activated their card.
2025-03-23 19:40:18 - Razvan, introduced the wrong PIN.
2025-03-23 19:40:18 - Razvan, introduced the wrong PIN.
2025-03-23 19:40:18 - Razvan, introduced the wrong PIN.
2025-03-23 19:40:18 - Razvan, introduced the wrong PIN 3 times.
2025-03-23 19:45:00 - Razvan, activated their card.
2025-03-23 19:45:00 - Razvan, changed the PIN.
2025-03-23 19:45:00 - Razvan, added £100. Sold: £100.0.
2025-03-23 19:45:00 - Razvan, spent £50. Sold: £50.0.
2025-03-23 19:45:00 - Razvan, attempted to spend £100 while sold is £50.0.
2025-03-23 19:46:01 - Razvan, activated their card.
2025-03-23 19:46:01 - Razvan, changed the PIN.
2025-03-23 19:46:01 - Razvan, added £100. Sold: £100.0.
2025-03-23 19:46:01 - Razvan, spent £50. Sold: £50.0.
2025-03-23 19:46:01 - Razvan, attempted to spend £100 while sold is £50.0.
2025-03-23 19:47:15 - Razvan, activated their card.
2025-03-23 19:47:15 - Razvan, changed the PIN.
2025-03-23 19:47:15 - Razvan, added 100. Sold: 100.0.
2025-03-23 19:47:15 - Razvan, spent 50. Sold: 50.0.
2025-03-23 19:47:15 - Razvan, attempted to spend 100 while sold is 50.0.
2025-03-23 20:12:21 - Razvan, attempted to top-up the account.
2025-03-23 20:13:27 - Razvan, attempted to top-up the account.
2025-03-23 20:13:47 - Razvan, attempted to top-up the account.
